<?xml version="1.0" encoding="ISO-8859-1"?>
<!DOCTYPE sect1 PUBLIC "-//OASIS//DTD DocBook XML V4.5//EN"
   "http://www.oasis-open.org/docbook/xml/4.5/docbookx.dtd" [
  <!ENTITY % general-entities SYSTEM "../../general.ent">
  %general-entities;

  <!ENTITY junit-download-http "https://github.com/junit-team/junit&junit-major;/archive/r&junit-version;/junit&junit-major;-r&junit-version;.tar.gz">
  <!ENTITY junit-download-ftp  " ">
  <!ENTITY junit-md5sum        "22578a9b35cbb71d556a2e625c576c81">
  <!ENTITY junit-size          "433 KB">
  <!ENTITY junit-buildsize     "27 MB">
  <!ENTITY junit-time          "0.2 SBU (med dokumentasjon, ved hjelp av 4 kjerner; legg til maven <quote>artifacts</quote> nedlastingstid)">
]>

<sect1 id="junit" xreflabel="JUnit-&junit-version;">
  <?dbhtml filename="junit.html"?>


  <title>JUnit-&junit-version;</title>

  <indexterm zone="junit">
    <primary sortas="a-JUnit">JUnit</primary>
  </indexterm>

  <sect2 role="package">
    <title>Introduksjon til JUnit</title>

    <para>
      <application>JUnit</application> pakken inneholder en enkel, åpen
      kilderamme for å skrive og kjøre repeterbare tester. Det er et eksempel på
      xUnit arkitekturen for rammeverk for enhetstesting. JUnit funksjoner inkluderer
      påstander for testing av forventede resultater, testarmaturer for å dele felles
      testdata, og testkjørere for kjøretester.
    </para>

    &lfs83_checked;

    <bridgehead renderas="sect3">Pakkeinformasjon</bridgehead>
    <itemizedlist spacing="compact">
      <listitem>
        <para>Nedlasting (HTTP): <ulink url="&junit-download-http;"/></para>
      </listitem>
      <listitem>
        <para>Nedlasting (FTP): <ulink url="&junit-download-ftp;"/></para>
      </listitem>
      <listitem>
        <para>Nedlasting MD5 sum: &junit-md5sum;</para>
      </listitem>
      <listitem>
        <para>Nedlastingsstørrelse: &junit-size;</para>
      </listitem>
      <listitem>
        <para>Estimert diskplass som kreves: &junit-buildsize;</para>
      </listitem>
      <listitem>
        <para>Estimert byggetid: &junit-time;</para>
      </listitem>
    </itemizedlist>
    <bridgehead renderas="sect3">Ytterligere Nedlastinger</bridgehead>
    <itemizedlist spacing="compact">
      <listitem>
        <para>
          Nødvendig oppdatering: <ulink
             url="&patch-root;/junit&junit-major;-r&junit-version;-simplify_NoExitSecurityManager-1.patch"/>
        </para>
      </listitem>
    </itemizedlist>

    <bridgehead renderas="sect3">JUnit Avhengigheter</bridgehead>

    <bridgehead renderas="sect4">Påkrevd</bridgehead>
    <para role="required">
      <xref linkend="maven"/> og
      <xref linkend="unzip"/>
    </para>

    <para condition="html" role="usernotes">Brukernotater:
    <ulink url="&blfs-wiki;/junit"/></para>

  </sect2>

  <sect2 role="installation">
    <title>Installasjon av JUnit</title>
    <para>
      Fjern først en test som mislykkes med <application>Java 10</application>.
    </para>

<screen><userinput>sed -e '/MethodsSorted/i    @Ignore' \
    -i src/test/java/org/junit/runners/model/TestClassTest.java</userinput></screen>

    <para>
      Erstatt utdatert SecurityManager kode:
    </para>

<screen><userinput>patch -Np1 -i ../junit4-r&junit-version;-simplify_NoExitSecurityManager-1.patch</userinput></screen>

    <para>
      Installer <application>Junit</application> ved å kjøre følgende
      kommandoer:
    </para>

<screen><userinput>mvn -DjdkVersion=1.6 install</userinput></screen>

    <para>
      Testene kjøres som en del av kommandoen ovenfor.
    </para>

    <para>
      Hvis du ønsker å generere dokumentasjonen, utsted:
    </para>

<screen><userinput>mvn site</userinput></screen>

    <para>
      Installer filene på den endelige plasseringen som
      <systemitem class="username">root</systemitem> bruker:
    </para>

<screen role="root"><userinput>install -v -m755 -d             /usr/share/java/junit-&junit-version; &amp;&amp;
cp -v target/junit-&junit-version;.jar     /usr/share/java/junit-&junit-version; &amp;&amp;
cp -v lib/hamcrest-core-1.3.jar /usr/share/java/junit-&junit-version;</userinput></screen>

    <para>
      hvis dokumentasjonen ble bygget, installer den som
      <systemitem class="username">root</systemitem> bruker:
    </para>
<screen role="root"><userinput>install -v -m755 -d    /usr/share/doc/junit-&junit-version; &amp;&amp;
cp -v -R target/site/* /usr/share/doc/junit-&junit-version;</userinput></screen>


    <para>
      Hvis du har fulgt instruksjonene i <xref linkend="ojdk-conf"/>,
      det er ikke noe mer å gjøre: <envar>CLASSPATH</envar> variabel
      vil bli automatisk oppdatert.
    </para>

  </sect2>

  <sect2 role="content">
    <title>Innhold</title>

    <segmentedlist>
      <segtitle>Installerte Programmer</segtitle>
      <segtitle>Installerte Biblioteker</segtitle>
      <segtitle>Installerte Mapper</segtitle>

      <seglistitem>
        <seg>Ingen</seg>
        <seg>hamcrest-core og junit jar filer</seg>
        <seg>/usr/share/doc/junit-&junit-version; og
             /usr/share/java/junit-&junit-version;</seg>
      </seglistitem>
    </segmentedlist>

    <variablelist>
      <bridgehead renderas="sect3">Korte Beskrivelser</bridgehead>
      <?dbfo list-presentation="list"?>
      <?dbhtml list-presentation="table"?>

      <varlistentry id="junit.jar">
        <term><filename class='libraryfile'>junit-&junit-version;.jar</filename></term>
        <listitem>
          <para>inneholder java klasser for å støtte xUnit rammetestingen
          arkitektur.</para>
          <indexterm zone="junit junit.jar">
            <primary sortas="c-junit.jar">junit-&junit-version;.jar</primary>
          </indexterm>
        </listitem>
      </varlistentry>

      <varlistentry id="hamcrest-core">
        <term><filename class='libraryfile'>hamcrest-core-1.3.jar</filename></term>
        <listitem>
          <para>inneholder java klasser for å støtte matchere brukt i xUnit
          tester.</para>
          <indexterm zone="junit hamcrest-core">
            <primary sortas="c-hamcrest-core">hamcrest-core-1.3.jar</primary>
          </indexterm>
        </listitem>
      </varlistentry>

    </variablelist>

  </sect2>

</sect1>
